<?xml version="1.0" encoding="UTF-8"?>
<!-- Generated by org.testng.reporters.JUnitReportReporter -->
<testsuite skipped="0" hostname="Sumit" name="com.Conceptunderstanding.ExtendReport.ExtentDemo" tests="1" failures="0" timestamp="22 May 2020 18:52:33 GMT" time="11.055" errors="0">
  <testcase name="captureScreenshot" time="11.055" classname="com.Conceptunderstanding.ExtendReport.ExtentDemo"/>
</testsuite> <!-- com.Conceptunderstanding.ExtendReport.ExtentDemo -->
