<?xml version="1.0" encoding="UTF-8"?>
<!-- Generated by org.testng.reporters.JUnitReportReporter -->
<testsuite skipped="1" hostname="Sumit-PC" name="com.Conceptunderstanding.Parameterazation.Parameterexample" tests="4" failures="0" timestamp="05 Apr 2020 09:04:56 GMT" time="0.023" errors="0">
  <testcase name="multipleTimesRun" time="0.015" classname="com.Conceptunderstanding.Parameterazation.Parameterexample"/>
  <testcase name="multipleTimesRun" time="0.005" classname="com.Conceptunderstanding.Parameterazation.Parameterexample"/>
  <testcase name="multipleTimesRun" time="0.003" classname="com.Conceptunderstanding.Parameterazation.Parameterexample"/>
  <testcase name="testParameterFromTestNGFile" classname="com.Conceptunderstanding.Parameterazation.Parameterexample">
    <skipped/>
  </testcase> <!-- testParameterFromTestNGFile -->
</testsuite> <!-- com.Conceptunderstanding.Parameterazation.Parameterexample -->
