<?xml version="1.0" encoding="UTF-8"?>
<!-- Generated by org.testng.reporters.JUnitReportReporter -->
<testsuite skipped="0" hostname="Sumit-PC" name="com.Conceptunderstanding.TestNGAnnotations.AnnotationsSequence" tests="1" failures="0" timestamp="05 Apr 2020 09:40:03 GMT" time="0.008" errors="0">
  <testcase name="Test" time="0.008" classname="com.Conceptunderstanding.TestNGAnnotations.AnnotationsSequence"/>
</testsuite> <!-- com.Conceptunderstanding.TestNGAnnotations.AnnotationsSequence -->
