<?xml version="1.0" encoding="UTF-8"?>
<!-- Generated by org.testng.reporters.JUnitReportReporter -->
<testsuite skipped="0" hostname="Sumit-PC" name="com.Conceptunderstanding.ToolsSQA.TC_01_Sortable" tests="1" failures="0" timestamp="21 Apr 2020 15:24:55 GMT" time="76.752" errors="0">
  <testcase name="sortableTest" time="76.752" classname="com.Conceptunderstanding.ToolsSQA.TC_01_Sortable"/>
</testsuite> <!-- com.Conceptunderstanding.ToolsSQA.TC_01_Sortable -->
